
3월 20, 2023 15:16:34.486 NEW SESSION
3월 20, 2023 15:16:34.486 INFO: Created TensorFlow Lite XNNPACK delegate for CPU.
3월 20, 2023 16:54:08.76 [11260:4348:0320/165408.076:ERROR:device_event_log_impl.cc(222)] [16:54:08.075] Bluetooth: bluetooth_adapter_winrt.cc:1073 Getting Default Adapter failed.
3월 20, 2023 16:54:54.466 [11260:4348:0320/165454.466:ERROR:interface_endpoint_client.cc(695)] Message 1 rejected by interface blink.mojom.WidgetHost
3월 20, 2023 16:56:21.722 [11260:4348:0320/165621.722:ERROR:interface_endpoint_client.cc(695)] Message 0 rejected by interface blink.mojom.WidgetHost
3월 20, 2023 16:56:29.149 [11260:4348:0320/165629.149:ERROR:interface_endpoint_client.cc(695)] Message 1 rejected by interface blink.mojom.WidgetHost
3월 20, 2023 17:38:41.814 [11260:4348:0320/173841.814:ERROR:interface_endpoint_client.cc(695)] Message 1 rejected by interface blink.mojom.WidgetHost
3월 20, 2023 17:42:56.717 [11260:4348:0320/174256.717:ERROR:interface_endpoint_client.cc(695)] Message 1 rejected by interface blink.mojom.WidgetHost
3월 20, 2023 17:47:19.908 [11260:4348:0320/174719.907:ERROR:interface_endpoint_client.cc(695)] Message 1 rejected by interface blink.mojom.WidgetHost

3월 21, 2023 13:12:46.281 NEW SESSION
3월 21, 2023 13:12:46.281 INFO: Created TensorFlow Lite XNNPACK delegate for CPU.
3월 21, 2023 15:15:37.944 [5892:10936:0321/151537.943:ERROR:interface_endpoint_client.cc(695)] Message 1 rejected by interface blink.mojom.WidgetHost
3월 21, 2023 15:25:24.446 [5892:10936:0321/152524.446:ERROR:interface_endpoint_client.cc(695)] Message 1 rejected by interface blink.mojom.WidgetHost
3월 21, 2023 16:06:58.833 INFO: Created TensorFlow Lite XNNPACK delegate for CPU.
3월 21, 2023 16:07:52.752 INFO: Created TensorFlow Lite XNNPACK delegate for CPU.

3월 22, 2023 13:21:08.574 NEW SESSION
3월 22, 2023 13:21:08.575 INFO: Created TensorFlow Lite XNNPACK delegate for CPU.
3월 22, 2023 13:25:15.828 [libprotobuf ERROR ..\..\third_party\protobuf\src\google\protobuf\message_lite.cc:133] Can't parse message of type "safe_browsing.ClientDownloadRequest" because it is missing required fields: (cannot determine missing fields for lite message)
3월 22, 2023 13:25:30.633 [libprotobuf ERROR ..\..\third_party\protobuf\src\google\protobuf\message_lite.cc:133] Can't parse message of type "safe_browsing.ClientDownloadRequest" because it is missing required fields: (cannot determine missing fields for lite message)
3월 22, 2023 13:50:36.869 [9632:2424:0322/135036.869:ERROR:interface_endpoint_client.cc(695)] Message 1 rejected by interface blink.mojom.WidgetHost
3월 22, 2023 14:04:36.536 [9632:2424:0322/140436.535:ERROR:interface_endpoint_client.cc(695)] Message 0 rejected by interface blink.mojom.WidgetHost
3월 22, 2023 14:05:21.522 [libprotobuf ERROR ..\..\third_party\protobuf\src\google\protobuf\message_lite.cc:133] Can't parse message of type "safe_browsing.ClientDownloadRequest" because it is missing required fields: (cannot determine missing fields for lite message)
3월 22, 2023 14:07:40.307 [9632:2424:0322/140740.307:ERROR:interface_endpoint_client.cc(695)] Message 0 rejected by interface blink.mojom.WidgetHost
3월 22, 2023 14:08:02.34 [9632:2424:0322/140802.033:ERROR:interface_endpoint_client.cc(695)] Message 0 rejected by interface blink.mojom.WidgetHost
3월 22, 2023 14:08:19.552 [libprotobuf ERROR ..\..\third_party\protobuf\src\google\protobuf\message_lite.cc:133] Can't parse message of type "safe_browsing.ClientDownloadRequest" because it is missing required fields: (cannot determine missing fields for lite message)
3월 22, 2023 15:41:22.478 [libprotobuf ERROR ..\..\third_party\protobuf\src\google\protobuf\message_lite.cc:133] Can't parse message of type "safe_browsing.ClientDownloadRequest" because it is missing required fields: (cannot determine missing fields for lite message)
3월 22, 2023 15:41:31.858 [libprotobuf ERROR ..\..\third_party\protobuf\src\google\protobuf\message_lite.cc:133] Can't parse message of type "safe_browsing.ClientDownloadRequest" because it is missing required fields: (cannot determine missing fields for lite message)
3월 22, 2023 16:47:19.242 [9632:2424:0322/164719.241:ERROR:interface_endpoint_client.cc(695)] Message 0 rejected by interface blink.mojom.WidgetHost
3월 22, 2023 16:48:07.550 [libprotobuf ERROR ..\..\third_party\protobuf\src\google\protobuf\message_lite.cc:133] Can't parse message of type "safe_browsing.ClientDownloadRequest" because it is missing required fields: (cannot determine missing fields for lite message)
3월 22, 2023 16:53:18.175 [9632:2424:0322/165318.174:ERROR:interface_endpoint_client.cc(695)] Message 0 rejected by interface blink.mojom.WidgetHost
3월 22, 2023 16:54:13.456 [9632:2424:0322/165413.455:ERROR:interface_endpoint_client.cc(695)] Message 0 rejected by interface blink.mojom.WidgetHost
3월 22, 2023 16:54:56.629 [9632:2424:0322/165456.628:ERROR:interface_endpoint_client.cc(695)] Message 0 rejected by interface blink.mojom.WidgetHost
3월 22, 2023 16:55:32.888 [9632:2648:0322/165532.888:ERROR:cert_verify_proc_builtin.cc(677)] CertVerifyProcBuiltin for the-edit.co.kr failed:
3월 22, 2023 16:55:32.889 ----- Certificate i=0 (O=My Company Ltd,L=Newbury,ST=Berkshire,C=GB) -----
3월 22, 2023 16:55:32.889 ERROR: No matching issuer found
3월 22, 2023 16:55:32.889 
3월 22, 2023 16:55:32.889 
3월 22, 2023 16:55:38.65 [9632:2424:0322/165538.065:ERROR:interface_endpoint_client.cc(695)] Message 0 rejected by interface blink.mojom.WidgetHost
3월 22, 2023 16:56:24.377 [libprotobuf ERROR ..\..\third_party\protobuf\src\google\protobuf\message_lite.cc:133] Can't parse message of type "safe_browsing.ClientDownloadRequest" because it is missing required fields: (cannot determine missing fields for lite message)
3월 22, 2023 17:24:32.573 [9632:2424:0322/172432.573:ERROR:page_load_metrics_update_dispatcher.cc(178)] Invalid first_paint 0.484 s for first_image_paint 0.479 s
3월 22, 2023 17:24:32.673 [9632:2424:0322/172432.673:ERROR:page_load_metrics_update_dispatcher.cc(178)] Invalid first_paint 0.484 s for first_image_paint 0.479 s
3월 22, 2023 17:24:32.779 [9632:2424:0322/172432.779:ERROR:page_load_metrics_update_dispatcher.cc(178)] Invalid first_paint 0.484 s for first_image_paint 0.479 s
3월 22, 2023 17:24:32.892 [9632:2424:0322/172432.892:ERROR:page_load_metrics_update_dispatcher.cc(178)] Invalid first_paint 0.484 s for first_image_paint 0.479 s
3월 22, 2023 17:24:33.134 [9632:2424:0322/172433.133:ERROR:page_load_metrics_update_dispatcher.cc(178)] Invalid first_paint 0.484 s for first_image_paint 0.479 s
3월 22, 2023 17:24:33.244 [9632:2424:0322/172433.244:ERROR:page_load_metrics_update_dispatcher.cc(178)] Invalid first_paint 0.484 s for first_image_paint 0.479 s
3월 22, 2023 17:24:33.361 [9632:2424:0322/172433.361:ERROR:page_load_metrics_update_dispatcher.cc(178)] Invalid first_paint 0.484 s for first_image_paint 0.479 s
3월 22, 2023 17:24:33.543 [9632:2424:0322/172433.543:ERROR:page_load_metrics_update_dispatcher.cc(178)] Invalid first_paint 0.484 s for first_image_paint 0.479 s
3월 22, 2023 17:24:34.225 [9632:2424:0322/172434.224:ERROR:page_load_metrics_update_dispatcher.cc(178)] Invalid first_paint 0.484 s for first_image_paint 0.479 s
3월 22, 2023 17:24:34.334 [9632:2424:0322/172434.333:ERROR:page_load_metrics_update_dispatcher.cc(178)] Invalid first_paint 0.484 s for first_image_paint 0.479 s
3월 22, 2023 17:24:34.457 [9632:2424:0322/172434.457:ERROR:page_load_metrics_update_dispatcher.cc(178)] Invalid first_paint 0.484 s for first_image_paint 0.479 s
3월 22, 2023 17:24:34.564 [9632:2424:0322/172434.564:ERROR:page_load_metrics_update_dispatcher.cc(178)] Invalid first_paint 0.484 s for first_image_paint 0.479 s
3월 22, 2023 17:24:36.892 [9632:2424:0322/172436.891:ERROR:page_load_metrics_update_dispatcher.cc(178)] Invalid first_paint 0.484 s for first_image_paint 0.479 s
3월 22, 2023 17:24:37.01 [9632:2424:0322/172437.001:ERROR:page_load_metrics_update_dispatcher.cc(178)] Invalid first_paint 0.484 s for first_image_paint 0.479 s
3월 22, 2023 17:24:37.115 [9632:2424:0322/172437.115:ERROR:page_load_metrics_update_dispatcher.cc(178)] Invalid first_paint 0.484 s for first_image_paint 0.479 s
3월 22, 2023 17:24:38.368 [9632:2424:0322/172438.368:ERROR:page_load_metrics_update_dispatcher.cc(178)] Invalid first_paint 0.484 s for first_image_paint 0.479 s
3월 22, 2023 17:25:01.308 [9632:2424:0322/172501.307:ERROR:page_load_metrics_update_dispatcher.cc(178)] Invalid first_paint 0.484 s for first_image_paint 0.479 s
3월 22, 2023 17:25:03.291 [9632:2424:0322/172503.290:ERROR:page_load_metrics_update_dispatcher.cc(178)] Invalid first_paint 0.484 s for first_image_paint 0.479 s
3월 22, 2023 17:25:03.401 [9632:2424:0322/172503.401:ERROR:page_load_metrics_update_dispatcher.cc(178)] Invalid first_paint 0.484 s for first_image_paint 0.479 s
3월 22, 2023 17:25:03.557 [9632:2424:0322/172503.557:ERROR:page_load_metrics_update_dispatcher.cc(178)] Invalid first_paint 0.484 s for first_image_paint 0.479 s
3월 22, 2023 17:25:03.782 [9632:2424:0322/172503.782:ERROR:page_load_metrics_update_dispatcher.cc(178)] Invalid first_paint 0.484 s for first_image_paint 0.479 s
3월 22, 2023 17:25:46.711 [9632:2424:0322/172546.711:ERROR:page_load_metrics_update_dispatcher.cc(178)] Invalid first_paint 0.484 s for first_image_paint 0.479 s

3월 23, 2023 13:54:15.687 NEW SESSION
3월 23, 2023 13:54:15.688 INFO: Created TensorFlow Lite XNNPACK delegate for CPU.
3월 23, 2023 14:21:56.496 INFO: Created TensorFlow Lite XNNPACK delegate for CPU.

3월 23, 2023 19:45:17.502 NEW SESSION
3월 23, 2023 19:45:17.502 INFO: Created TensorFlow Lite XNNPACK delegate for CPU.

3월 24, 2023 09:36:19.288 NEW SESSION
3월 24, 2023 09:36:19.288 INFO: Created TensorFlow Lite XNNPACK delegate for CPU.
3월 24, 2023 10:00:20.463 INFO: Created TensorFlow Lite XNNPACK delegate for CPU.
3월 24, 2023 10:38:51.389 INFO: Created TensorFlow Lite XNNPACK delegate for CPU.
3월 24, 2023 10:42:15.144 INFO: Created TensorFlow Lite XNNPACK delegate for CPU.

3월 24, 2023 13:19:41.768 NEW SESSION
3월 24, 2023 13:19:41.768 INFO: Created TensorFlow Lite XNNPACK delegate for CPU.
3월 24, 2023 13:37:41.967 INFO: Created TensorFlow Lite XNNPACK delegate for CPU.
3월 24, 2023 13:47:45.931 INFO: Created TensorFlow Lite XNNPACK delegate for CPU.
3월 24, 2023 17:00:59.946 [9072:1420:0324/170059.946:ERROR:interface_endpoint_client.cc(695)] Message 1 rejected by interface blink.mojom.WidgetHost
3월 24, 2023 17:28:27.384 [9072:1420:0324/172827.384:ERROR:interface_endpoint_client.cc(695)] Message 0 rejected by interface blink.mojom.WidgetHost
3월 24, 2023 17:28:37.975 [libprotobuf ERROR ..\..\third_party\protobuf\src\google\protobuf\message_lite.cc:133] Can't parse message of type "safe_browsing.ClientDownloadRequest" because it is missing required fields: (cannot determine missing fields for lite message)
3월 24, 2023 17:29:03.340 [9072:1420:0324/172903.340:ERROR:interface_endpoint_client.cc(695)] Message 0 rejected by interface blink.mojom.WidgetHost
3월 24, 2023 17:29:05.179 [9072:1420:0324/172905.179:ERROR:interface_endpoint_client.cc(695)] Message 0 rejected by interface blink.mojom.WidgetHost
3월 24, 2023 17:29:19.897 [libprotobuf ERROR ..\..\third_party\protobuf\src\google\protobuf\message_lite.cc:133] Can't parse message of type "safe_browsing.ClientDownloadRequest" because it is missing required fields: (cannot determine missing fields for lite message)
3월 24, 2023 17:29:52.401 [libprotobuf ERROR ..\..\third_party\protobuf\src\google\protobuf\message_lite.cc:133] Can't parse message of type "safe_browsing.ClientDownloadRequest" because it is missing required fields: (cannot determine missing fields for lite message)
3월 24, 2023 17:32:15.874 [9072:1420:0324/173215.874:ERROR:interface_endpoint_client.cc(695)] Message 1 rejected by interface blink.mojom.WidgetHost
3월 24, 2023 17:44:34.324 [9072:1420:0324/174434.324:ERROR:interface_endpoint_client.cc(695)] Message 1 rejected by interface blink.mojom.WidgetHost
